0 info it worked if it ends with ok
1 verbose cli [ '/nix/store/ajr6i77s89gjfjm59aazc16b5rvb39n7-nodejs-4.3.1/bin/node',
1 verbose cli   '/mnt/shared/sbin/npm',
1 verbose cli   'install',
1 verbose cli   '-y',
1 verbose cli   'ImageMagick' ]
2 info using npm@2.14.12
3 info using node@v4.3.1
4 verbose install initial load of /home/ubuntu/workspace/sample_app/package.json
5 verbose readDependencies loading dependencies from /home/ubuntu/workspace/sample_app/package.json
6 silly cache add args [ 'ImageMagick', null ]
7 verbose cache add spec ImageMagick
8 silly cache add parsed spec Result {
8 silly cache add   raw: 'ImageMagick',
8 silly cache add   scope: null,
8 silly cache add   name: 'ImageMagick',
8 silly cache add   rawSpec: '',
8 silly cache add   spec: 'latest',
8 silly cache add   type: 'tag' }
9 silly addNamed ImageMagick@latest
10 verbose addNamed "latest" is being treated as a dist-tag for ImageMagick
11 info addNameTag [ 'ImageMagick', 'latest' ]
12 silly mapToRegistry name ImageMagick
13 silly mapToRegistry using default registry
14 silly mapToRegistry registry https://registry.npmjs.org/
15 silly mapToRegistry uri https://registry.npmjs.org/ImageMagick
16 verbose addNameTag registry:https://registry.npmjs.org/ImageMagick not in flight; fetching
17 verbose request uri https://registry.npmjs.org/ImageMagick
18 verbose request no auth needed
19 info attempt registry request try #1 at 00:27:16
20 verbose request id 4b0c95870d272655
21 http request GET https://registry.npmjs.org/ImageMagick
22 http 404 https://registry.npmjs.org/ImageMagick
23 verbose headers { date: 'Tue, 16 Oct 2018 00:27:16 GMT',
23 verbose headers   'content-type': 'application/json',
23 verbose headers   'content-length': '21',
23 verbose headers   connection: 'keep-alive',
23 verbose headers   'set-cookie': [ '__cfduid=de1e435305bf1f98dc45bc69b30e6c17b1539649636; expires=Wed, 16-Oct-19 00:27:16 GMT; path=/; domain=.registry.npmjs.org; HttpOnly' ],
23 verbose headers   'cf-cache-status': 'MISS',
23 verbose headers   'cache-control': 'max-age=300',
23 verbose headers   'cf-ray': '46a666148bd7257f-ORD',
23 verbose headers   'expect-ct': 'max-age=604800, report-uri="https://report-uri.cloudflare.com/cdn-cgi/beacon/expect-ct"',
23 verbose headers   vary: 'accept-encoding, accept',
23 verbose headers   server: 'cloudflare' }
24 silly get cb [ 404,
24 silly get   { date: 'Tue, 16 Oct 2018 00:27:16 GMT',
24 silly get     'content-type': 'application/json',
24 silly get     'content-length': '21',
24 silly get     connection: 'keep-alive',
24 silly get     'set-cookie': [ '__cfduid=de1e435305bf1f98dc45bc69b30e6c17b1539649636; expires=Wed, 16-Oct-19 00:27:16 GMT; path=/; domain=.registry.npmjs.org; HttpOnly' ],
24 silly get     'cf-cache-status': 'MISS',
24 silly get     'cache-control': 'max-age=300',
24 silly get     'cf-ray': '46a666148bd7257f-ORD',
24 silly get     'expect-ct': 'max-age=604800, report-uri="https://report-uri.cloudflare.com/cdn-cgi/beacon/expect-ct"',
24 silly get     vary: 'accept-encoding, accept',
24 silly get     server: 'cloudflare' } ]
25 verbose stack Error: Not found : ImageMagick
25 verbose stack     at makeError (/nix/store/ajr6i77s89gjfjm59aazc16b5rvb39n7-nodejs-4.3.1/lib/node_modules/npm/node_modules/npm-registry-client/lib/request.js:264:12)
25 verbose stack     at CachingRegistryClient.<anonymous> (/nix/store/ajr6i77s89gjfjm59aazc16b5rvb39n7-nodejs-4.3.1/lib/node_modules/npm/node_modules/npm-registry-client/lib/request.js:252:14)
25 verbose stack     at Request._callback (/nix/store/ajr6i77s89gjfjm59aazc16b5rvb39n7-nodejs-4.3.1/lib/node_modules/npm/node_modules/npm-registry-client/lib/request.js:172:14)
25 verbose stack     at Request.self.callback (/nix/store/ajr6i77s89gjfjm59aazc16b5rvb39n7-nodejs-4.3.1/lib/node_modules/npm/node_modules/request/request.js:198:22)
25 verbose stack     at emitTwo (events.js:87:13)
25 verbose stack     at Request.emit (events.js:172:7)
25 verbose stack     at Request.<anonymous> (/nix/store/ajr6i77s89gjfjm59aazc16b5rvb39n7-nodejs-4.3.1/lib/node_modules/npm/node_modules/request/request.js:1082:10)
25 verbose stack     at emitOne (events.js:82:20)
25 verbose stack     at Request.emit (events.js:169:7)
25 verbose stack     at IncomingMessage.<anonymous> (/nix/store/ajr6i77s89gjfjm59aazc16b5rvb39n7-nodejs-4.3.1/lib/node_modules/npm/node_modules/request/request.js:1009:12)
26 verbose statusCode 404
27 verbose pkgid ImageMagick
28 verbose cwd /home/ubuntu/workspace/sample_app
29 error Linux 4.9.120-c9
30 error argv "/nix/store/ajr6i77s89gjfjm59aazc16b5rvb39n7-nodejs-4.3.1/bin/node" "/mnt/shared/sbin/npm" "install" "-y" "ImageMagick"
31 error node v4.3.1
32 error npm  v2.14.12
33 error code E404
34 error 404 Not found : ImageMagick
34 error 404
34 error 404 'ImageMagick' is not in the npm registry.
34 error 404 Your package name is not valid, because
34 error 404
34 error 404  1. name can no longer contain capital letters
34 error 404 It was specified as a dependency of 'sample_app'
34 error 404
34 error 404 Note that you can also install from a
34 error 404 tarball, folder, http url, or git url.
35 verbose exit [ 1, true ]
